321  [background-preinit] INFO  o.h.validator.internal.util.Version
                – HV000001: Hibernate Validator 8.0.1.Final
343  [main] INFO  ru.mirea.task20.Task20Application
                – Starting Task20Application using Java 20.0.2 with PID 26668 (C:\Users\danil\IdeaProjects\task20\build\classes\java\main started by danil in C:\Users\danil\IdeaProjects\task20)
343  [main] INFO  ru.mirea.task20.Task20Application
                – No active profile set, falling back to 1 default profile: "default"
558  [main] INFO  o.s.d.r.c.RepositoryConfigurationDelegate
                – Multiple Spring Data modules found, entering strict repository configuration mode
558  [main] INFO  o.s.d.r.c.RepositoryConfigurationDelegate
                – Bootstrapping Spring Data JPA repositories in DEFAULT mode.
583  [main] INFO  o.s.d.r.c.RepositoryConfigurationDelegate
                – Finished Spring Data repository scanning in 19 ms. Found 2 JPA repository interfaces.
672  [main] INFO  o.s.d.r.c.RepositoryConfigurationDelegate
                – Multiple Spring Data modules found, entering strict repository configuration mode
672  [main] INFO  o.s.d.r.c.RepositoryConfigurationDelegate
                – Bootstrapping Spring Data JDBC repositories in DEFAULT mode.
679  [main] INFO  o.s.d.r.c.RepositoryConfigurationExtensionSupport
                – Spring Data JDBC - Could not safely identify store assignment for repository candidate interface ru.mirea.task20.repositories.AuthorRepository; If you want this repository to be a JDBC repository, consider annotating your entities with one of these annotations: org.springframework.data.relational.core.mapping.Table.
679  [main] INFO  o.s.d.r.c.RepositoryConfigurationExtensionSupport
                – Spring Data JDBC - Could not safely identify store assignment for repository candidate interface ru.mirea.task20.repositories.BookRepository; If you want this repository to be a JDBC repository, consider annotating your entities with one of these annotations: org.springframework.data.relational.core.mapping.Table.
679  [main] INFO  o.s.d.r.c.RepositoryConfigurationDelegate
                – Finished Spring Data repository scanning in 6 ms. Found 0 JDBC repository interfaces.
970  [main] INFO  o.s.b.w.e.tomcat.TomcatWebServer
                – Tomcat initialized with port 8080 (http)
976  [main] INFO  o.a.coyote.http11.Http11NioProtocol
                – Initializing ProtocolHandler ["http-nio-8080"]
976  [main] INFO  o.a.catalina.core.StandardService
                – Starting service [Tomcat]
977  [main] INFO  o.a.catalina.core.StandardEngine
                – Starting Servlet engine: [Apache Tomcat/10.1.24]
1005 [main] INFO  o.a.c.c.C.[Tomcat].[localhost].[/]
                – Initializing Spring embedded WebApplicationContext
1005 [main] INFO  o.s.b.w.s.c.ServletWebServerApplicationContext
                – Root WebApplicationContext: initialization completed in 643 ms
1067 [main] INFO  com.zaxxer.hikari.HikariDataSource
                – HikariPool-1 - Starting...
1149 [main] INFO  com.zaxxer.hikari.pool.HikariPool
                – HikariPool-1 - Added connection org.postgresql.jdbc.PgConnection@1c7f9861
1150 [main] INFO  com.zaxxer.hikari.HikariDataSource
                – HikariPool-1 - Start completed.
1168 [main] INFO  o.h.jpa.internal.util.LogHelper
                – HHH000204: Processing PersistenceUnitInfo [name: default]
1197 [main] INFO  org.hibernate.Version
                – HHH000412: Hibernate ORM core version 6.5.2.Final
1216 [main] INFO  o.h.c.i.RegionFactoryInitiator
                – HHH000026: Second-level cache disabled
1387 [main] INFO  o.s.o.j.p.SpringPersistenceUnitInfo
                – No LoadTimeWeaver setup: ignoring JPA class transformer
1962 [main] INFO  o.h.e.t.j.p.i.JtaPlatformInitiator
                – HHH000489: No JTA platform available (set 'hibernate.transaction.jta.platform' to enable JTA platform integration)
1964 [main] INFO  o.s.o.j.LocalContainerEntityManagerFactoryBean
                – Initialized JPA EntityManagerFactory for persistence unit 'default'
2161 [main] WARN  o.s.b.a.o.j.JpaBaseConfiguration$JpaWebConfiguration
                – spring.jpa.open-in-view is enabled by default. Therefore, database queries may be performed during view rendering. Explicitly configure spring.jpa.open-in-view to disable this warning
2370 [main] INFO  o.a.coyote.http11.Http11NioProtocol
                – Starting ProtocolHandler ["http-nio-8080"]
2377 [main] INFO  o.s.b.w.e.tomcat.TomcatWebServer
                – Tomcat started on port 8080 (http) with context path '/'
2382 [main] INFO  ru.mirea.task20.Task20Application
                – Started Task20Application in 2.235 seconds (process running for 2.611)
7956 [http-nio-8080-exec-2] INFO  o.a.c.c.C.[Tomcat].[localhost].[/]
                – Initializing Spring DispatcherServlet 'dispatcherServlet'
7956 [http-nio-8080-exec-2] INFO  o.s.web.servlet.DispatcherServlet
                – Initializing Servlet 'dispatcherServlet'
7957 [http-nio-8080-exec-2] INFO  o.s.web.servlet.DispatcherServlet
                – Completed initialization in 1 ms
7979 [http-nio-8080-exec-2] INFO  ru.mirea.task20.Aspect
                – 2024-05-30 09:04:57
7980 [http-nio-8080-exec-2] INFO  r.mirea.task20.services.BookService
                – Get books by author id 3
107867 [http-nio-8080-exec-6] INFO  ru.mirea.task20.Aspect
                – 2024-05-30 09:06:37
107867 [http-nio-8080-exec-6] INFO  r.m.task20.services.AuthorService
                – Get authors by firstname firstTest
134283 [SpringApplicationShutdownHook] INFO  o.s.o.j.LocalContainerEntityManagerFactoryBean
                – Closing JPA EntityManagerFactory for persistence unit 'default'
134285 [SpringApplicationShutdownHook] INFO  com.zaxxer.hikari.HikariDataSource
                – HikariPool-1 - Shutdown initiated...
134287 [SpringApplicationShutdownHook] INFO  com.zaxxer.hikari.HikariDataSource
                – HikariPool-1 - Shutdown completed.
